<?xml version="1.0" encoding="UTF-8"?>
<!-- Generated by org.testng.reporters.JUnitReportReporter -->
<testsuite hostname="NDI-LAP-165" failures="0" tests="1" name="Academy.validateTitle" time="0.036" errors="0" timestamp="2022-02-03T15:19:04 IST" skipped="0">
  <testcase classname="Academy.validateTitle" name="validateAppTitle" time="0.036"/>
  <system-out/>
</testsuite> <!-- Academy.validateTitle -->
