<?xml version="1.0" encoding="UTF-8"?>
<!-- Generated by org.testng.reporters.JUnitReportReporter -->
<testsuite hostname="NDI-LAP-206" failures="0" tests="1" name="Academy.TestCase" time="0.295" errors="0" timestamp="2022-06-09T12:15:44 IST" skipped="0">
  <testcase classname="Academy.TestCase" name="validateloginPageWithLockedOutUser" time="0.295"/>
  <system-out/>
</testsuite> <!-- Academy.TestCase -->
