<?xml version="1.0" encoding="UTF-8"?>
<!-- Generated by org.testng.reporters.JUnitReportReporter -->
<testsuite hostname="NDI-LAP-165" failures="0" tests="1" name="Academy.HomePage" time="0.970" errors="0" timestamp="2022-06-07T14:44:40 IST" skipped="0">
  <testcase classname="Academy.HomePage" name="loginPage" time="0.970"/>
  <system-out/>
</testsuite> <!-- Academy.HomePage -->
