<?xml version="1.0" encoding="UTF-8"?>
<!-- Generated by org.testng.reporters.JUnitReportReporter -->
<testsuite hostname="NDI-LAP-165" failures="0" tests="1" name="Academy.validateNavigationBar" time="0.293" errors="0" timestamp="2022-02-03T15:19:04 IST" skipped="0">
  <testcase classname="Academy.validateNavigationBar" name="validateAppNavBar" time="0.293"/>
  <system-out/>
</testsuite> <!-- Academy.validateNavigationBar -->
