<?xml version="1.0" encoding="UTF-8"?>
<!-- Generated by org.testng.reporters.JUnitReportReporter -->
<testsuite hostname="NDI-LAP-165" failures="0" tests="1" name="Academy.validateTitle" time="0.037" errors="0" timestamp="2022-02-04T13:42:38 IST" skipped="0">
  <testcase classname="Academy.validateTitle" name="validateAppTitle" time="0.037"/>
  <system-out/>
</testsuite> <!-- Academy.validateTitle -->
