<?xml version="1.0" encoding="UTF-8"?>
<!-- Generated by org.testng.reporters.JUnitReportReporter -->
<testsuite hostname="NDI-LAP-165" failures="0" tests="1" name="Academy.validateNavigationBar" time="0.050" errors="0" timestamp="2022-02-04T13:42:38 IST" skipped="0">
  <testcase classname="Academy.validateNavigationBar" name="validateAppNavBar" time="0.050"/>
  <system-out/>
</testsuite> <!-- Academy.validateNavigationBar -->
