<?xml version="1.0" encoding="UTF-8"?>
<!-- Generated by org.testng.reporters.JUnitReportReporter -->
<testsuite hostname="NDI-LAP-165" failures="0" tests="2" name="Academy.HomePage" time="7.847" errors="0" timestamp="2022-02-04T13:42:38 IST" skipped="0">
  <testcase classname="Academy.HomePage" name="basePageNavigation" time="1.461"/>
  <system-out/>
  <testcase classname="Academy.HomePage" name="basePageNavigation" time="6.386"/>
  <system-out/>
</testsuite> <!-- Academy.HomePage -->
